{
  "RSpec": {
    "coverage": {
      "/home/accuser/koala/config/environment.rb": [
        null,
        1,
        1,
        1,
        1,
        1,
        1,
        null,
        1,
        1,
        1,
        null,
        1,
        null,
        null,
        null,
        null,
        null,
        null,
        null,
        null,
        null,
        null,
        1,
        null,
        null,
        null,
        null,
        1,
        1,
        null,
        null,
        1,
        1,
        null,
        null,
        1,
        null,
        null,
        1,
        null,
        0,
        null,
        null,
        1,
        0,
        null,
        0,
        null,
        null,
        null,
        null
      ],
      "/home/accuser/koala/lib/koala.rb": [
        1,
        null
      ],
      "/home/accuser/koala/apps/web/application.rb": [
        null,
        1,
        1,
        null,
        1,
        1,
        1,
        null,
        null,
        null,
        null,
        null,
        null,
        null,
        1,
        null,
        null,
        null,
        null,
        null,
        null,
        1,
        null,
        null,
        null,
        null,
        null,
        null,
        null,
        null,
        null,
        null,
        null,
        null,
        null,
        null,
        null,
        null,
        null,
        1,
        null,
        null,
        null,
        null,
        null,
        null,
        null,
        null,
        null,
        null,
        null,
        null,
        null,
        null,
        null,
        null,
        null,
        null,
        null,
        null,
        null,
        null,
        null,
        null,
        null,
        null,
        null,
        null,
        null,
        null,
        null,
        null,
        null,
        null,
        null,
        null,
        null,
        null,
        null,
        null,
        null,
        null,
        null,
        null,
        1,
        null,
        null,
        null,
        null,
        null,
        null,
        null,
        null,
        null,
        null,
        null,
        null,
        null,
        null,
        null,
        null,
        null,
        null,
        null,
        null,
        null,
        1,
        null,
        null,
        null,
        1,
        null,
        null,
        null,
        null,
        1,
        null,
        null,
        null,
        null,
        null,
        null,
        null,
        null,
        null,
        null,
        null,
        null,
        1,
        null,
        null,
        null,
        null,
        null,
        null,
        null,
        null,
        null,
        null,
        null,
        null,
        1,
        null,
        null,
        null,
        1,
        null,
        null,
        null,
        null,
        null,
        null,
        null,
        null,
        null,
        null,
        null,
        null,
        null,
        null,
        null,
        null,
        null,
        null,
        null,
        1,
        null,
        null,
        null,
        null,
        null,
        null,
        null,
        null,
        null,
        null,
        1,
        null,
        null,
        null,
        null,
        null,
        null,
        null,
        null,
        null,
        1,
        null,
        null,
        null,
        null,
        null,
        null,
        null,
        null,
        null,
        null,
        null,
        null,
        null,
        null,
        null,
        null,
        null,
        null,
        null,
        null,
        null,
        null,
        null,
        null,
        null,
        null,
        null,
        null,
        null,
        null,
        null,
        null,
        null,
        null,
        null,
        null,
        1,
        null,
        null,
        null,
        null,
        null,
        null,
        null,
        null,
        null,
        null,
        null,
        null,
        null,
        null,
        null,
        null,
        null,
        null,
        null,
        null,
        null,
        null,
        null,
        null,
        1,
        2,
        null,
        null,
        null,
        null,
        null,
        null,
        1,
        4,
        4,
        4,
        null,
        null,
        null,
        null,
        null,
        null,
        1,
        null,
        0,
        null,
        null,
        null,
        null,
        null,
        1,
        null,
        1,
        null,
        null,
        null,
        null,
        null,
        1,
        null,
        null,
        null,
        null,
        0,
        null,
        null,
        null,
        0,
        null,
        null,
        null,
        null,
        0,
        null,
        null,
        null,
        null,
        null,
        null,
        null,
        null,
        null,
        null,
        null,
        null,
        0,
        null,
        null,
        null,
        null
      ],
      "/home/accuser/koala/apps/id/application.rb": [
        1,
        1,
        null,
        1,
        1,
        1,
        null,
        null,
        null,
        null,
        null,
        null,
        null,
        1,
        null,
        null,
        null,
        null,
        null,
        null,
        1,
        null,
        null,
        null,
        null,
        null,
        null,
        null,
        null,
        null,
        null,
        null,
        null,
        null,
        null,
        null,
        null,
        null,
        1,
        null,
        null,
        null,
        null,
        null,
        null,
        null,
        null,
        null,
        null,
        null,
        null,
        null,
        null,
        null,
        null,
        null,
        null,
        null,
        null,
        null,
        null,
        null,
        null,
        null,
        null,
        null,
        null,
        null,
        null,
        null,
        null,
        null,
        null,
        null,
        null,
        null,
        null,
        null,
        null,
        null,
        null,
        null,
        null,
        1,
        null,
        null,
        null,
        null,
        null,
        null,
        null,
        null,
        null,
        null,
        null,
        null,
        null,
        null,
        null,
        null,
        null,
        null,
        null,
        null,
        null,
        1,
        null,
        null,
        null,
        1,
        null,
        null,
        null,
        null,
        1,
        null,
        null,
        null,
        null,
        null,
        null,
        null,
        null,
        null,
        null,
        null,
        null,
        1,
        null,
        null,
        null,
        null,
        null,
        null,
        null,
        null,
        null,
        null,
        null,
        null,
        1,
        null,
        null,
        null,
        1,
        null,
        null,
        null,
        null,
        null,
        null,
        null,
        null,
        null,
        null,
        null,
        null,
        null,
        null,
        null,
        null,
        null,
        null,
        null,
        1,
        null,
        null,
        null,
        null,
        null,
        null,
        null,
        null,
        null,
        null,
        1,
        null,
        null,
        null,
        null,
        null,
        null,
        null,
        null,
        null,
        1,
        null,
        null,
        null,
        null,
        null,
        null,
        null,
        null,
        null,
        null,
        null,
        null,
        null,
        null,
        null,
        null,
        null,
        null,
        null,
        null,
        null,
        null,
        null,
        null,
        null,
        null,
        null,
        null,
        null,
        null,
        null,
        null,
        null,
        null,
        null,
        null,
        1,
        null,
        null,
        null,
        null,
        null,
        null,
        null,
        null,
        null,
        null,
        null,
        null,
        null,
        null,
        null,
        null,
        null,
        null,
        null,
        null,
        null,
        null,
        null,
        null,
        1,
        3,
        null,
        null,
        null,
        null,
        null,
        null,
        1,
        4,
        4,
        4,
        null,
        null,
        null,
        null,
        null,
        null,
        1,
        null,
        0,
        null,
        null,
        null,
        null,
        null,
        1,
        null,
        1,
        null,
        null,
        null,
        null,
        null,
        1,
        null,
        null,
        null,
        null,
        0,
        null,
        null,
        null,
        0,
        null,
        null,
        null,
        null,
        0,
        null,
        null,
        null,
        null,
        null,
        null,
        null,
        null,
        null,
        null,
        null,
        null,
        0,
        null,
        null,
        null,
        null
      ],
      "/home/accuser/koala/lib/koala/assets.rb": [
        1,
        null,
        1,
        1,
        null,
        null,
        null,
        1
      ],
      "/home/accuser/koala/lib/koala/entities/profile.rb": [
        1,
        null
      ],
      "/home/accuser/koala/lib/koala/entities/user.rb": [
        1,
        null
      ],
      "/home/accuser/koala/lib/koala/helpers.rb": [
        1,
        1,
        1,
        8,
        8,
        8,
        null,
        null,
        null,
        null
      ],
      "/home/accuser/koala/lib/koala/helpers/application.rb": [
        1,
        1,
        1,
        1,
        1,
        null,
        null,
        1,
        1,
        null,
        null,
        1,
        1,
        null,
        null,
        1,
        1,
        null,
        null,
        1,
        2,
        null,
        null,
        1,
        2,
        null,
        null,
        1,
        1,
        null,
        null,
        1,
        3,
        null,
        null,
        1,
        1,
        null,
        null,
        1,
        1,
        null,
        null,
        1,
        3,
        null,
        null,
        null,
        null
      ],
      "/home/accuser/koala/lib/koala/helpers/session.rb": [
        1,
        1,
        1,
        1,
        2,
        null,
        null,
        1,
        2,
        null,
        null,
        null,
        null
      ],
      "/home/accuser/koala/lib/koala/interactors/authenticate_credentials.rb": [
        1,
        null,
        1,
        1,
        null,
        1,
        null,
        1,
        11,
        null,
        null,
        1,
        null,
        1,
        7,
        7,
        null,
        7,
        null,
        7,
        2,
        5,
        3,
        null,
        2,
        null,
        null,
        null,
        1,
        11,
        null,
        11,
        4,
        null,
        null,
        11,
        null,
        null
      ],
      "/home/accuser/koala/lib/koala/interactors/authenticate_token.rb": [
        1,
        null,
        1,
        1,
        null,
        1,
        null,
        1,
        7,
        null,
        null,
        1,
        null,
        1,
        5,
        null,
        5,
        null,
        5,
        2,
        null,
        3,
        null,
        null,
        null,
        1,
        7,
        null,
        7,
        2,
        null,
        null,
        7,
        null,
        null
      ],
      "/home/accuser/koala/lib/koala/policies.rb": [
        1,
        1,
        1,
        5,
        5,
        5,
        null,
        null,
        null,
        null
      ],
      "/home/accuser/koala/lib/koala/policies/authentication.rb": [
        1,
        1,
        1,
        1,
        5,
        5,
        5,
        5,
        null,
        null,
        null,
        null,
        1,
        35,
        null,
        null,
        null,
        1,
        20,
        null,
        null,
        null,
        1,
        38,
        null,
        null,
        null,
        1,
        8,
        8,
        null,
        null,
        1,
        0,
        null,
        null,
        1,
        1,
        null,
        null,
        null,
        null
      ],
      "/home/accuser/koala/lib/koala/policies/session.rb": [
        1,
        1,
        1,
        1,
        null,
        null,
        null,
        1,
        38,
        null,
        null,
        null,
        null,
        1,
        8,
        null,
        null,
        null,
        null
      ],
      "/home/accuser/koala/lib/koala/repositories/profile_repository.rb": [
        1,
        null
      ],
      "/home/accuser/koala/lib/koala/repositories/user_repository.rb": [
        1,
        1,
        2,
        null,
        null,
        1,
        null,
        null,
        0,
        null,
        null,
        1,
        null,
        null,
        0,
        null,
        null,
        1,
        null,
        null,
        null,
        0,
        null,
        null,
        1,
        null,
        0,
        null,
        null
      ],
      "/home/accuser/koala/lib/koala/validations/credentials_validation.rb": [
        1,
        1,
        null,
        1,
        null,
        1,
        2,
        2,
        null,
        null
      ],
      "/home/accuser/koala/lib/koala/validations/identity_validation.rb": [
        1,
        1,
        null,
        1,
        null,
        1,
        2,
        null,
        null
      ],
      "/home/accuser/koala/lib/koala/validations/name_validation.rb": [
        1,
        1,
        null,
        1,
        2,
        2,
        null,
        null
      ],
      "/home/accuser/koala/lib/koala/validations/token_valiation.rb": [
        1,
        1,
        null,
        1,
        null,
        1,
        2,
        null,
        null
      ],
      "/home/accuser/koala/apps/id/controllers/session/create.rb": [
        1,
        1,
        1,
        1,
        1,
        null,
        1,
        null,
        1,
        3,
        null,
        null,
        1,
        3,
        null,
        null,
        1,
        1,
        null,
        null,
        1,
        null,
        1,
        3,
        null,
        3,
        null,
        3,
        2,
        2,
        null,
        null,
        null,
        1,
        0,
        0,
        null,
        null,
        null,
        null,
        null
      ],
      "/home/accuser/koala/apps/id/controllers/session/destroy.rb": [
        1,
        1,
        1,
        1,
        1,
        null,
        1,
        2,
        null,
        null,
        null,
        null,
        null
      ],
      "/home/accuser/koala/apps/id/controllers/session/new.rb": [
        1,
        1,
        1,
        1,
        1,
        null,
        1,
        1,
        null,
        null,
        1,
        1,
        null,
        null,
        1,
        null,
        1,
        1,
        null,
        null,
        1,
        0,
        0,
        null,
        null,
        null,
        null,
        null
      ],
      "/home/accuser/koala/apps/id/views/application_layout.rb": [
        1,
        1,
        1,
        1,
        null,
        null,
        null
      ],
      "/home/accuser/koala/apps/id/views/session/create.rb": [
        1,
        1,
        1,
        1,
        1,
        null,
        1,
        0,
        null,
        null,
        1,
        0,
        null,
        null,
        null,
        null,
        null
      ],
      "/home/accuser/koala/apps/id/views/session/destroy.rb": [
        1,
        1,
        1,
        1,
        1,
        null,
        null,
        null,
        null
      ],
      "/home/accuser/koala/apps/id/views/session/new.rb": [
        1,
        1,
        1,
        1,
        1,
        null,
        1,
        2,
        null,
        null,
        1,
        1,
        null,
        null,
        null,
        null,
        null
      ],
      "/home/accuser/koala/apps/web/controllers/pages/home.rb": [
        1,
        1,
        1,
        1,
        1,
        null,
        1,
        null,
        null,
        null,
        null,
        null
      ],
      "/home/accuser/koala/apps/web/controllers/users/show.rb": [
        1,
        1,
        1,
        1,
        1,
        null,
        1,
        null,
        1,
        5,
        null,
        null,
        1,
        5,
        null,
        null,
        1,
        1,
        null,
        null,
        1,
        null,
        1,
        4,
        null,
        4,
        null,
        4,
        1,
        null,
        3,
        null,
        null,
        null,
        1,
        0,
        null,
        null,
        null,
        null,
        null
      ],
      "/home/accuser/koala/apps/web/views/application_layout.rb": [
        1,
        1,
        1,
        1,
        null,
        null,
        null
      ],
      "/home/accuser/koala/apps/web/views/pages/home.rb": [
        1,
        1,
        1,
        1,
        1,
        null,
        null,
        null,
        null
      ],
      "/home/accuser/koala/apps/web/views/profile/show.rb": [
        1,
        1,
        1,
        1,
        1,
        null,
        1,
        0,
        null,
        null,
        null,
        null,
        null
      ],
      "/home/accuser/koala/apps/web/views/users/show.rb": [
        1,
        1,
        1,
        1,
        1,
        null,
        null,
        null,
        null
      ],
      "/home/accuser/koala/spec/support/capybara.rb": [
        null,
        1,
        1,
        1,
        0,
        0,
        null,
        null,
        null
      ],
      "/home/accuser/koala/spec/id/controllers/session/create_spec.rb": [
        1,
        4,
        4,
        null,
        1,
        4,
        4,
        null,
        1,
        6,
        null,
        null,
        1,
        3,
        null,
        1,
        1,
        1,
        1,
        null,
        null,
        1,
        1,
        1,
        null,
        null,
        null,
        1,
        2,
        null,
        1,
        1,
        1,
        null,
        null,
        null,
        null
      ],
      "/home/accuser/koala/spec/id/controllers/session/destroy_spec.rb": [
        1,
        3,
        3,
        null,
        1,
        1,
        1,
        1,
        null,
        null,
        1,
        1,
        1,
        null,
        null,
        null
      ],
      "/home/accuser/koala/spec/id/controllers/session/new_spec.rb": [
        1,
        2,
        null,
        1,
        2,
        2,
        null,
        1,
        1,
        1,
        null,
        null,
        null
      ],
      "/home/accuser/koala/spec/id/views/application_layout_spec.rb": [
        1,
        1,
        1,
        null
      ],
      "/home/accuser/koala/spec/id/views/session/create_spec.rb": [
        1,
        2,
        2,
        2,
        1,
        null,
        1,
        1,
        null,
        null
      ],
      "/home/accuser/koala/spec/id/views/session/destroy_spec.rb": [
        1,
        2,
        2,
        2,
        1,
        null,
        1,
        1,
        null,
        null
      ],
      "/home/accuser/koala/spec/id/views/session/new_spec.rb": [
        1,
        4,
        4,
        4,
        1,
        null,
        1,
        1,
        null,
        null,
        1,
        1,
        1,
        null,
        null,
        null,
        1,
        1,
        1,
        null,
        null,
        null
      ],
      "/home/accuser/koala/spec/koala/entities/profile_spec.rb": [
        1,
        null,
        null
      ],
      "/home/accuser/koala/spec/koala/entities/user_spec.rb": [
        1,
        9,
        9,
        null,
        1,
        1,
        1,
        null,
        null,
        1,
        1,
        null,
        null,
        null,
        1,
        1,
        1,
        null,
        null,
        1,
        1,
        null,
        null,
        null,
        1,
        1,
        1,
        null,
        null,
        1,
        1,
        null,
        null,
        null,
        1,
        1,
        1,
        null,
        null,
        1,
        1,
        null,
        null,
        null
      ],
      "/home/accuser/koala/spec/koala/helpers/application_spec.rb": [
        1,
        14,
        1,
        null,
        1,
        1,
        1,
        null,
        null,
        null,
        1,
        1,
        1,
        null,
        null,
        null,
        1,
        1,
        2,
        2,
        null,
        null,
        1,
        1,
        null,
        null,
        null,
        1,
        1,
        1,
        null,
        null,
        null,
        1,
        1,
        4,
        4,
        null,
        null,
        1,
        1,
        null,
        null,
        1,
        1,
        null,
        null,
        null,
        1,
        1,
        4,
        4,
        null,
        null,
        1,
        1,
        null,
        null,
        1,
        1,
        null,
        null,
        null,
        1,
        1,
        2,
        null,
        null,
        1,
        1,
        null,
        null,
        null,
        1,
        1,
        1,
        null,
        null,
        null,
        1,
        1,
        1,
        null,
        null,
        null,
        1,
        1,
        2,
        null,
        null,
        1,
        1,
        null,
        null,
        null,
        1,
        1,
        1,
        null,
        null,
        null
      ],
      "/home/accuser/koala/spec/koala/helpers/session_spec.rb": [
        1,
        5,
        1,
        null,
        1,
        1,
        1,
        null,
        null,
        1,
        1,
        null,
        null,
        null,
        1,
        1,
        1,
        null,
        null,
        1,
        1,
        null,
        null,
        null
      ],
      "/home/accuser/koala/spec/koala/interactors/authenticate_credentials_spec.rb": [
        1,
        12,
        12,
        6,
        null,
        1,
        1,
        1,
        6,
        null,
        null,
        1,
        1,
        1,
        null,
        null,
        1,
        1,
        1,
        null,
        null,
        1,
        1,
        1,
        null,
        null,
        null,
        1,
        1,
        4,
        null,
        null,
        1,
        1,
        1,
        null,
        null,
        1,
        1,
        1,
        null,
        null,
        null,
        1,
        1,
        4,
        null,
        null,
        1,
        1,
        1,
        null,
        null,
        1,
        1,
        1,
        null,
        null,
        null,
        1,
        1,
        1,
        1,
        null,
        null,
        1,
        1,
        1,
        null,
        null,
        null,
        1,
        1,
        1,
        1,
        null,
        null,
        1,
        1,
        1,
        null,
        null,
        null,
        null
      ],
      "/home/accuser/koala/spec/koala/interactors/authenticate_token_spec.rb": [
        1,
        8,
        8,
        6,
        4,
        null,
        1,
        1,
        1,
        6,
        null,
        null,
        1,
        1,
        1,
        null,
        null,
        1,
        1,
        1,
        null,
        null,
        1,
        1,
        1,
        null,
        null,
        null,
        1,
        1,
        4,
        null,
        null,
        1,
        1,
        1,
        null,
        null,
        1,
        1,
        1,
        null,
        null,
        null,
        1,
        1,
        1,
        1,
        null,
        null,
        1,
        1,
        1,
        null,
        null,
        null,
        null
      ],
      "/home/accuser/koala/spec/koala/policies/authenticated_spec.rb": [
        1,
        4,
        null,
        1,
        1,
        1,
        null,
        null,
        1,
        1,
        1,
        null,
        null,
        1,
        1,
        1,
        null,
        null
      ],
      "/home/accuser/koala/spec/koala/repositories/profile_repository_spec.rb": [
        1,
        null,
        null
      ],
      "/home/accuser/koala/spec/koala/repositories/user_repository_spec.rb": [
        1,
        null,
        null
      ],
      "/home/accuser/koala/spec/koala/validations/credentials_valiation_spec.rb": [
        1,
        1,
        1,
        1,
        1,
        null,
        null,
        1,
        1,
        1,
        1,
        null,
        null,
        1,
        1,
        1,
        1,
        null,
        null,
        1,
        1,
        1,
        1,
        null,
        null,
        1,
        1,
        1,
        1,
        null,
        null,
        1,
        1,
        1,
        1,
        null,
        null,
        1,
        1,
        1,
        1,
        null,
        null,
        1,
        1,
        1,
        1,
        null,
        null,
        null
      ],
      "/home/accuser/koala/spec/koala/validations/token_validation_spec.rb": [
        1,
        1,
        1,
        1,
        1,
        null,
        null,
        1,
        1,
        1,
        1,
        null,
        null,
        1,
        1,
        1,
        1,
        null,
        null,
        1,
        1,
        1,
        1,
        null,
        null,
        1,
        1,
        1,
        1,
        null,
        null,
        null
      ],
      "/home/accuser/koala/spec/web/controllers/pages/home_spec.rb": [
        1,
        2,
        2,
        null,
        1,
        1,
        1,
        null,
        null
      ],
      "/home/accuser/koala/spec/web/controllers/users/show_spec.rb": [
        1,
        6,
        6,
        6,
        null,
        1,
        1,
        5,
        null,
        null,
        1,
        1,
        1,
        null,
        null,
        null,
        1,
        1,
        20,
        null,
        null,
        1,
        1,
        4,
        null,
        1,
        6,
        null,
        null,
        1,
        1,
        1,
        null,
        null,
        1,
        1,
        1,
        null,
        null,
        1,
        1,
        1,
        null,
        null,
        null,
        1,
        1,
        2,
        null,
        null,
        1,
        1,
        1,
        null,
        null,
        null,
        null,
        null
      ],
      "/home/accuser/koala/spec/web/views/application_layout_spec.rb": [
        1,
        1,
        1,
        null
      ],
      "/home/accuser/koala/spec/web/views/pages/home_spec.rb": [
        1,
        2,
        2,
        2,
        1,
        null,
        1,
        1,
        null,
        null
      ],
      "/home/accuser/koala/spec/web/views/profile/show_spec.rb": [
        1,
        2,
        2,
        2,
        1,
        null,
        1,
        1,
        null,
        null
      ],
      "/home/accuser/koala/spec/web/views/users/show_spec.rb": [
        1,
        2,
        2,
        2,
        1,
        null,
        1,
        1,
        null,
        null
      ]
    },
    "timestamp": 1560932337
  }
}
