{
  "RSpec": {
    "coverage": {
      "/home/accuser/koala/config/environment.rb": [
        null,
        1,
        1,
        1,
        1,
        1,
        null,
        1,
        1,
        null,
        1,
        null,
        null,
        null,
        null,
        null,
        null,
        null,
        null,
        null,
        null,
        1,
        null,
        null,
        null,
        null,
        1,
        1,
        null,
        null,
        1,
        1,
        null,
        null,
        1,
        null,
        null,
        1,
        null,
        0,
        null,
        null,
        1,
        0,
        null,
        0,
        null,
        null,
        null,
        null
      ],
      "/home/accuser/koala/lib/koala.rb": [
        1,
        null
      ],
      "/home/accuser/koala/apps/web/application.rb": [
        null,
        1,
        1,
        null,
        1,
        1,
        1,
        null,
        null,
        null,
        null,
        null,
        null,
        null,
        1,
        null,
        null,
        null,
        null,
        null,
        null,
        1,
        null,
        null,
        null,
        null,
        null,
        null,
        null,
        null,
        null,
        null,
        null,
        null,
        null,
        null,
        null,
        null,
        null,
        1,
        null,
        null,
        null,
        null,
        null,
        null,
        null,
        null,
        null,
        null,
        null,
        null,
        null,
        null,
        null,
        null,
        null,
        null,
        null,
        null,
        null,
        null,
        null,
        null,
        null,
        null,
        null,
        null,
        null,
        null,
        null,
        null,
        null,
        null,
        null,
        null,
        null,
        null,
        null,
        null,
        null,
        null,
        null,
        null,
        1,
        null,
        null,
        null,
        null,
        null,
        null,
        null,
        null,
        null,
        null,
        null,
        null,
        null,
        null,
        null,
        null,
        null,
        null,
        null,
        null,
        null,
        1,
        null,
        null,
        null,
        1,
        null,
        null,
        null,
        null,
        1,
        null,
        null,
        null,
        null,
        null,
        null,
        null,
        null,
        null,
        null,
        null,
        null,
        1,
        null,
        null,
        null,
        null,
        null,
        null,
        null,
        null,
        null,
        null,
        null,
        null,
        1,
        null,
        null,
        null,
        1,
        null,
        null,
        null,
        null,
        null,
        null,
        null,
        null,
        null,
        null,
        null,
        null,
        null,
        null,
        null,
        null,
        null,
        null,
        null,
        null,
        1,
        null,
        null,
        null,
        null,
        null,
        null,
        null,
        null,
        null,
        null,
        1,
        null,
        null,
        null,
        null,
        null,
        null,
        null,
        null,
        null,
        1,
        null,
        null,
        null,
        null,
        null,
        null,
        null,
        null,
        null,
        null,
        null,
        null,
        null,
        null,
        null,
        null,
        null,
        null,
        null,
        null,
        null,
        null,
        null,
        null,
        null,
        null,
        null,
        null,
        null,
        null,
        null,
        null,
        null,
        null,
        null,
        null,
        1,
        null,
        null,
        null,
        null,
        null,
        null,
        null,
        null,
        null,
        null,
        null,
        null,
        null,
        null,
        null,
        null,
        null,
        null,
        null,
        null,
        null,
        null,
        null,
        null,
        1,
        5,
        null,
        null,
        null,
        null,
        null,
        null,
        1,
        6,
        6,
        null,
        null,
        null,
        null,
        null,
        null,
        1,
        null,
        0,
        null,
        null,
        null,
        null,
        null,
        1,
        null,
        1,
        null,
        null,
        null,
        null,
        null,
        1,
        null,
        null,
        null,
        null,
        0,
        null,
        null,
        null,
        0,
        null,
        null,
        null,
        null,
        0,
        null,
        null,
        null,
        null,
        null,
        null,
        null,
        null,
        null,
        null,
        null,
        null,
        0,
        null,
        null,
        null,
        null
      ],
      "/home/accuser/koala/lib/koala/entities/profile.rb": [
        1,
        null
      ],
      "/home/accuser/koala/lib/koala/entities/user.rb": [
        1,
        null
      ],
      "/home/accuser/koala/lib/koala/interactors/authenticate_credentials.rb": [
        1,
        null,
        1,
        1,
        null,
        1,
        null,
        1,
        11,
        null,
        null,
        1,
        null,
        1,
        7,
        7,
        null,
        7,
        null,
        7,
        2,
        5,
        3,
        null,
        2,
        null,
        null,
        null,
        1,
        11,
        null,
        11,
        4,
        null,
        null,
        11,
        null,
        null
      ],
      "/home/accuser/koala/lib/koala/interactors/authenticate_token.rb": [
        1,
        null,
        1,
        1,
        null,
        1,
        null,
        1,
        7,
        null,
        null,
        1,
        null,
        1,
        5,
        null,
        5,
        null,
        5,
        2,
        null,
        3,
        null,
        null,
        null,
        1,
        7,
        null,
        7,
        2,
        null,
        null,
        7,
        null,
        null
      ],
      "/home/accuser/koala/lib/koala/policies/authenticted.rb": [
        1,
        1,
        5,
        5,
        5,
        5,
        null,
        5,
        null,
        null,
        null,
        null,
        1,
        5,
        null,
        null,
        null,
        1,
        10,
        null,
        null,
        null,
        1,
        14,
        null,
        null,
        null,
        1,
        15,
        null,
        null,
        null,
        1,
        4,
        null,
        null,
        1,
        2,
        null,
        null,
        1,
        0,
        null,
        null,
        1,
        null,
        1,
        null,
        null,
        null,
        1,
        10,
        null,
        null,
        null,
        null,
        1,
        4,
        null,
        null
      ],
      "/home/accuser/koala/lib/koala/repositories/profile_repository.rb": [
        1,
        null
      ],
      "/home/accuser/koala/lib/koala/repositories/user_repository.rb": [
        1,
        1,
        2,
        null,
        null,
        1,
        null,
        null,
        0,
        null,
        null,
        1,
        null,
        null,
        0,
        null,
        null,
        1,
        null,
        null,
        null,
        0,
        null,
        null,
        1,
        null,
        0,
        null,
        null
      ],
      "/home/accuser/koala/lib/koala/validations/credentials.rb": [
        1,
        1,
        null,
        1,
        null,
        1,
        2,
        2,
        null,
        null
      ],
      "/home/accuser/koala/lib/koala/validations/name.rb": [
        1,
        1,
        null,
        1,
        2,
        2,
        null,
        null
      ],
      "/home/accuser/koala/lib/koala/validations/token.rb": [
        1,
        1,
        null,
        1,
        null,
        1,
        2,
        null,
        null
      ],
      "/home/accuser/koala/apps/web/controllers/pages/home.rb": [
        1,
        1,
        1,
        1,
        1,
        null,
        1,
        null,
        null,
        null,
        null,
        null
      ],
      "/home/accuser/koala/apps/web/controllers/profile/show.rb": [
        1,
        1,
        1,
        1,
        1,
        null,
        1,
        null,
        1,
        1,
        null,
        null,
        1,
        1,
        null,
        null,
        1,
        null,
        1,
        0,
        0,
        null,
        null,
        0,
        0,
        null,
        0,
        null,
        null,
        null,
        null,
        null,
        null
      ],
      "/home/accuser/koala/apps/web/controllers/session/create.rb": [
        1,
        1,
        1,
        1,
        1,
        null,
        1,
        null,
        1,
        4,
        null,
        null,
        1,
        4,
        null,
        null,
        1,
        1,
        null,
        null,
        1,
        null,
        1,
        3,
        null,
        3,
        null,
        3,
        2,
        2,
        null,
        null,
        null,
        null,
        null,
        null
      ],
      "/home/accuser/koala/apps/web/controllers/session/destroy.rb": [
        1,
        1,
        1,
        1,
        1,
        null,
        1,
        3,
        null,
        null,
        1,
        2,
        null,
        null,
        null,
        null,
        null
      ],
      "/home/accuser/koala/apps/web/controllers/session/new.rb": [
        1,
        1,
        1,
        1,
        1,
        null,
        1,
        1,
        null,
        null,
        1,
        1,
        null,
        null,
        1,
        null,
        1,
        1,
        null,
        null,
        null,
        null,
        null
      ],
      "/home/accuser/koala/apps/web/views/application_layout.rb": [
        1,
        1,
        1,
        1,
        null,
        1,
        1,
        null,
        null,
        1,
        1,
        null,
        null,
        1,
        1,
        null,
        null,
        1,
        1,
        null,
        null,
        1,
        2,
        null,
        null,
        1,
        2,
        null,
        null,
        1,
        2,
        null,
        null,
        1,
        2,
        null,
        null,
        1,
        0,
        null,
        null,
        1,
        3,
        null,
        null,
        1,
        1,
        null,
        null,
        1,
        1,
        null,
        null,
        1,
        3,
        null,
        null,
        null,
        null
      ],
      "/home/accuser/koala/apps/web/views/pages/home.rb": [
        1,
        1,
        1,
        1,
        1,
        null,
        null,
        null,
        null
      ],
      "/home/accuser/koala/apps/web/views/profile/show.rb": [
        1,
        1,
        1,
        1,
        1,
        null,
        1,
        0,
        null,
        null,
        null,
        null,
        null
      ],
      "/home/accuser/koala/apps/web/views/session/create.rb": [
        1,
        1,
        1,
        1,
        1,
        null,
        1,
        0,
        null,
        null,
        1,
        0,
        null,
        null,
        null,
        null,
        null
      ],
      "/home/accuser/koala/apps/web/views/session/destroy.rb": [
        1,
        1,
        1,
        1,
        1,
        null,
        null,
        null,
        null
      ],
      "/home/accuser/koala/apps/web/views/session/new.rb": [
        1,
        1,
        1,
        1,
        1,
        null,
        1,
        2,
        null,
        null,
        1,
        1,
        null,
        null,
        null,
        null,
        null
      ],
      "/home/accuser/koala/spec/support/capybara.rb": [
        null,
        1,
        1,
        1,
        0,
        0,
        null,
        null,
        null
      ],
      "/home/accuser/koala/spec/koala/credentials/credentials_spec.rb": [
        1,
        1,
        1,
        1,
        1,
        null,
        null,
        1,
        1,
        1,
        1,
        null,
        null,
        1,
        1,
        1,
        1,
        null,
        null,
        1,
        1,
        1,
        1,
        null,
        null,
        1,
        1,
        1,
        1,
        null,
        null,
        1,
        1,
        1,
        1,
        null,
        null,
        1,
        1,
        1,
        1,
        null,
        null,
        1,
        1,
        1,
        1,
        null,
        null,
        null
      ],
      "/home/accuser/koala/spec/koala/credentials/token_spec.rb": [
        1,
        1,
        1,
        1,
        1,
        null,
        null,
        1,
        1,
        1,
        1,
        null,
        null,
        1,
        1,
        1,
        1,
        null,
        null,
        1,
        1,
        1,
        1,
        null,
        null,
        1,
        1,
        1,
        1,
        null,
        null,
        null
      ],
      "/home/accuser/koala/spec/koala/entities/profile_spec.rb": [
        1,
        null,
        null
      ],
      "/home/accuser/koala/spec/koala/entities/user_spec.rb": [
        1,
        9,
        9,
        null,
        1,
        1,
        1,
        null,
        null,
        1,
        1,
        null,
        null,
        null,
        1,
        1,
        1,
        null,
        null,
        1,
        1,
        null,
        null,
        null,
        1,
        1,
        1,
        null,
        null,
        1,
        1,
        null,
        null,
        null,
        1,
        1,
        1,
        null,
        null,
        1,
        1,
        null,
        null,
        null
      ],
      "/home/accuser/koala/spec/koala/interactors/authenticate_credentials_spec.rb": [
        1,
        12,
        12,
        6,
        null,
        1,
        1,
        1,
        6,
        null,
        null,
        1,
        1,
        1,
        null,
        null,
        1,
        1,
        1,
        null,
        null,
        1,
        1,
        1,
        null,
        null,
        null,
        1,
        1,
        4,
        null,
        null,
        1,
        1,
        1,
        null,
        null,
        1,
        1,
        1,
        null,
        null,
        null,
        1,
        1,
        4,
        null,
        null,
        1,
        1,
        1,
        null,
        null,
        1,
        1,
        1,
        null,
        null,
        null,
        1,
        1,
        1,
        1,
        null,
        null,
        1,
        1,
        1,
        null,
        null,
        null,
        1,
        1,
        1,
        1,
        null,
        null,
        1,
        1,
        1,
        null,
        null,
        null,
        null
      ],
      "/home/accuser/koala/spec/koala/interactors/authenticate_token_spec.rb": [
        1,
        8,
        8,
        6,
        4,
        null,
        1,
        1,
        1,
        6,
        null,
        null,
        1,
        1,
        1,
        null,
        null,
        1,
        1,
        1,
        null,
        null,
        1,
        1,
        1,
        null,
        null,
        null,
        1,
        1,
        4,
        null,
        null,
        1,
        1,
        1,
        null,
        null,
        1,
        1,
        1,
        null,
        null,
        null,
        1,
        1,
        1,
        1,
        null,
        null,
        1,
        1,
        1,
        null,
        null,
        null,
        null
      ],
      "/home/accuser/koala/spec/koala/repositories/profile_repository_spec.rb": [
        1,
        null,
        null
      ],
      "/home/accuser/koala/spec/koala/repositories/user_repository_spec.rb": [
        1,
        null,
        null
      ],
      "/home/accuser/koala/spec/web/controllers/pages/home_spec.rb": [
        1,
        2,
        2,
        null,
        1,
        1,
        1,
        null,
        null
      ],
      "/home/accuser/koala/spec/web/controllers/profile/show_spec.rb": [
        1,
        2,
        2,
        1,
        1,
        null,
        1,
        1,
        1,
        4,
        null,
        null,
        1,
        1,
        1,
        null,
        null,
        null,
        null
      ],
      "/home/accuser/koala/spec/web/controllers/session/create_spec.rb": [
        1,
        5,
        5,
        4,
        3,
        null,
        1,
        1,
        1,
        12,
        6,
        null,
        null,
        1,
        3,
        null,
        1,
        1,
        1,
        1,
        null,
        null,
        1,
        1,
        1,
        null,
        null,
        null,
        1,
        2,
        null,
        1,
        1,
        1,
        null,
        null,
        null,
        null,
        1,
        1,
        4,
        null,
        null,
        1,
        1,
        1,
        null,
        null,
        null,
        null
      ],
      "/home/accuser/koala/spec/web/controllers/session/destroy_spec.rb": [
        1,
        4,
        4,
        null,
        1,
        1,
        1,
        4,
        null,
        null,
        1,
        1,
        1,
        1,
        null,
        null,
        null,
        1,
        1,
        8,
        null,
        null,
        1,
        1,
        1,
        null,
        null,
        1,
        1,
        1,
        null,
        null,
        null,
        null
      ],
      "/home/accuser/koala/spec/web/controllers/session/new_spec.rb": [
        1,
        2,
        2,
        null,
        1,
        1,
        1,
        null,
        null
      ],
      "/home/accuser/koala/spec/web/views/application_layout_spec.rb": [
        1,
        18,
        1,
        null,
        1,
        1,
        1,
        null,
        null,
        null,
        1,
        1,
        1,
        null,
        null,
        null,
        1,
        1,
        2,
        2,
        null,
        null,
        1,
        1,
        null,
        null,
        null,
        1,
        1,
        1,
        null,
        null,
        null,
        1,
        1,
        4,
        4,
        null,
        null,
        1,
        1,
        null,
        null,
        1,
        1,
        null,
        null,
        null,
        1,
        1,
        1,
        null,
        null,
        1,
        1,
        null,
        null,
        null,
        1,
        1,
        1,
        null,
        null,
        1,
        1,
        null,
        null,
        null,
        1,
        1,
        4,
        4,
        null,
        null,
        1,
        1,
        null,
        null,
        1,
        1,
        null,
        null,
        null,
        1,
        1,
        2,
        null,
        null,
        1,
        1,
        null,
        null,
        null,
        1,
        1,
        1,
        null,
        null,
        null,
        1,
        1,
        1,
        null,
        null,
        null,
        1,
        1,
        2,
        null,
        null,
        1,
        1,
        null,
        null,
        null,
        1,
        1,
        1,
        null,
        null,
        null
      ],
      "/home/accuser/koala/spec/web/views/pages/home_spec.rb": [
        1,
        2,
        2,
        2,
        1,
        null,
        1,
        1,
        null,
        null
      ],
      "/home/accuser/koala/spec/web/views/profile/show_spec.rb": [
        1,
        2,
        2,
        2,
        1,
        null,
        1,
        1,
        null,
        null
      ],
      "/home/accuser/koala/spec/web/views/session/create_spec.rb": [
        1,
        2,
        2,
        2,
        1,
        null,
        1,
        1,
        null,
        null
      ],
      "/home/accuser/koala/spec/web/views/session/destroy_spec.rb": [
        1,
        2,
        2,
        2,
        1,
        null,
        1,
        1,
        null,
        null
      ],
      "/home/accuser/koala/spec/web/views/session/new_spec.rb": [
        1,
        4,
        4,
        4,
        1,
        null,
        1,
        1,
        null,
        null,
        1,
        1,
        1,
        null,
        null,
        null,
        1,
        1,
        1,
        null,
        null,
        null
      ]
    },
    "timestamp": 1560861398
  }
}
